10:36:15.058 INFO - Selenium build info: version: '3.0.1', revision: '1969d75'
10:36:15.059 INFO - Launching a standalone Selenium Server
2016-11-01 10:36:15.083:INFO::main: Logging initialized @320ms
10:36:15.155 INFO - Driver provider org.openqa.selenium.ie.InternetExplorerDriver registration is skipped:
 registration capabilities Capabilities [{ensureCleanSession=true, browserName=internet explorer, version=, platform=WINDOWS}] does not match the current platform MAC
10:36:15.156 INFO - Driver provider org.openqa.selenium.edge.EdgeDriver registration is skipped:
 registration capabilities Capabilities [{browserName=MicrosoftEdge, version=, platform=WINDOWS}] does not match the current platform MAC
10:36:15.156 INFO - Driver class not found: com.opera.core.systems.OperaDriver
10:36:15.156 INFO - Driver provider com.opera.core.systems.OperaDriver registration is skipped:
Unable to create new instances on this machine.
10:36:15.157 INFO - Driver class not found: com.opera.core.systems.OperaDriver
10:36:15.157 INFO - Driver provider com.opera.core.systems.OperaDriver is not registered
2016-11-01 10:36:15.205:INFO:osjs.Server:main: jetty-9.2.15.v20160210
2016-11-01 10:36:15.238:INFO:osjsh.ContextHandler:main: Started o.s.j.s.ServletContextHandler@5dfcfece{/,null,AVAILABLE}
2016-11-01 10:36:15.269:INFO:osjs.ServerConnector:main: Started ServerConnector@7e329844{HTTP/1.1}{0.0.0.0:4444}
2016-11-01 10:36:15.270:INFO:osjs.Server:main: Started @507ms
10:36:15.270 INFO - Selenium Server is up and running
10:36:16.491 INFO - SessionCleaner initialized with insideBrowserTimeout 0 and clientGoneTimeout 1800000 polling every 180000
10:36:16.565 INFO - Executing: [new session: Capabilities [{acceptSslCerts=true, browserName=chrome, javascriptEnabled=true, platform=ANY}]])
10:36:16.678 INFO - Creating a new session for Capabilities [{acceptSslCerts=true, browserName=chrome, javascriptEnabled=true, platform=ANY}]
Starting ChromeDriver 2.25.426935 (820a95b0b81d33e42712f9198c215f703412e1a1) on port 41366
Only local connections are allowed.
10:36:17.516 INFO - Attempting bi-dialect session, assuming Postel's Law holds true on the remote end
10:36:19.593 INFO - Detected dialect: OSS
10:36:19.632 INFO - Done: [new session: Capabilities [{acceptSslCerts=true, browserName=chrome, javascriptEnabled=true, platform=ANY}]]
10:36:19.676 INFO - Executing: [delete all cookies])
10:36:19.705 INFO - Done: [delete all cookies]
10:36:19.814 INFO - Executing: [take screenshot])
10:36:20.251 INFO - Done: [take screenshot]
10:36:20.273 INFO - Executing: [delete session: 76b6a9b4-8fd1-4880-aedd-ba321c99c0ae])
10:36:20.362 INFO - Done: [delete session: 76b6a9b4-8fd1-4880-aedd-ba321c99c0ae]
